\BOOKMARK [0][-]{chapter.1}{\376\377\000I\000n\000s\000t\000a\000l\000l\000a\000t\000i\000o\000n}{}% 1
\BOOKMARK [1][-]{section.1.1}{\376\377\000E\000x\000t\000e\000r\000n\000a\000l\000\040\000r\000e\000q\000u\000i\000r\000e\000m\000e\000n\000t\000s}{chapter.1}% 2
\BOOKMARK [1][-]{section.1.2}{\376\377\000v\000i\000a\000\040\000P\000y\000P\000I}{chapter.1}% 3
\BOOKMARK [1][-]{section.1.3}{\376\377\000v\000i\000a\000\040\000g\000i\000t\000h\000u\000b}{chapter.1}% 4
\BOOKMARK [0][-]{chapter.2}{\376\377\000O\000v\000e\000r\000v\000i\000e\000w}{}% 5
\BOOKMARK [1][-]{section.2.1}{\376\377\000M\000o\000t\000i\000v\000a\000t\000i\000o\000n}{chapter.2}% 6
\BOOKMARK [1][-]{section.2.2}{\376\377\000M\000o\000d\000e\000l\000\040\000w\000r\000i\000t\000i\000n\000g}{chapter.2}% 7
\BOOKMARK [2][-]{subsection.2.2.1}{\376\377\000o\000p\000t\000i\000o\000n\000a\000l\000\040\000a\000r\000g\000u\000m\000e\000n\000t\000s\000\040\000:\000\040\000f\000i\000e\000l\000d\000s\000\040\000a\000n\000d\000\040\000p\000a\000r\000a\000m\000e\000t\000e\000r\000s}{section.2.2}% 8
\BOOKMARK [1][-]{section.2.3}{\376\377\000M\000o\000d\000e\000l\000\040\000c\000o\000m\000p\000i\000l\000a\000t\000i\000o\000n}{chapter.2}% 9
\BOOKMARK [1][-]{section.2.4}{\376\377\000F\000i\000e\000l\000d\000s\000\040\000c\000o\000n\000t\000a\000i\000n\000e\000r\000s}{chapter.2}% 10
\BOOKMARK [1][-]{section.2.5}{\376\377\000N\000u\000m\000e\000r\000i\000c\000a\000l\000\040\000s\000c\000h\000e\000m\000e\000,\000\040\000t\000e\000m\000p\000o\000r\000a\000l\000\040\000s\000o\000l\000v\000e\000r}{chapter.2}% 11
\BOOKMARK [2][-]{subsection.2.5.1}{\376\377\000h\000o\000o\000k\000\040\000a\000n\000d\000\040\000b\000o\000u\000n\000d\000a\000r\000y\000\040\000c\000o\000n\000d\000i\000t\000i\000o\000n\000s}{section.2.5}% 12
\BOOKMARK [1][-]{section.2.6}{\376\377\000S\000i\000m\000u\000l\000a\000t\000i\000o\000n\000\040\000c\000l\000a\000s\000s\000:\000\040\000h\000i\000g\000h\000e\000r\000\040\000l\000e\000v\000e\000l\000\040\000c\000o\000n\000t\000r\000o\000l}{chapter.2}% 13
\BOOKMARK [2][-]{subsection.2.6.1}{\376\377\000D\000i\000s\000p\000l\000a\000y\000s}{section.2.6}% 14
\BOOKMARK [0][-]{chapter.3}{\376\377\000T\000e\000m\000p\000o\000r\000a\000l\000\040\000s\000c\000h\000e\000m\000e\000s}{}% 15
\BOOKMARK [1][-]{section.3.1}{\376\377\000L\000i\000s\000t\000\040\000o\000f\000\040\000a\000v\000a\000i\000l\000a\000b\000l\000e\000\040\000s\000c\000h\000e\000m\000e\000s}{chapter.3}% 16
\BOOKMARK [2][-]{subsection.3.1.1}{\376\377\000s\000c\000h\000e\000m\000e\000s\000.\000T\000h\000e\000t\000a}{section.3.1}% 17
\BOOKMARK [2][-]{subsection.3.1.2}{\376\377\000s\000c\000h\000e\000m\000e\000s\000.\000s\000c\000i\000p\000y\000\137\000o\000d\000e}{section.3.1}% 18
\BOOKMARK [2][-]{subsection.3.1.3}{\376\377\000s\000c\000h\000e\000m\000e\000s\000.\000R\000O\000W\000\137\000g\000e\000n\000e\000r\000a\000l}{section.3.1}% 19
\BOOKMARK [1][-]{section.3.2}{\376\377\000I\000n\000t\000e\000r\000n\000a\000l\000\040\000s\000t\000r\000u\000c\000t\000u\000r\000e\000\040\000o\000f\000\040\000a\000\040\000s\000c\000h\000e\000m\000e}{chapter.3}% 20
\BOOKMARK [0][-]{chapter.4}{\376\377\000C\000o\000o\000k\000b\000o\000o\000k}{}% 21
\BOOKMARK [1][-]{section.4.1}{\376\377\000T\000h\000e\000\040\000c\000o\000n\000v\000e\000c\000t\000i\000o\000n\000\040\000d\000i\000f\000f\000u\000s\000i\000o\000n\000\040\000e\000q\000u\000a\000t\000i\000o\000n}{chapter.4}% 22
\BOOKMARK [1][-]{section.4.2}{\376\377\000T\000h\000e\000\040\000b\000u\000r\000g\000e\000r\000\040\000e\000q\000u\000a\000t\000i\000o\000n}{chapter.4}% 23
\BOOKMARK [1][-]{section.4.3}{\376\377\000W\000a\000v\000e\000\040\000e\000q\000u\000a\000t\000i\000o\000n}{chapter.4}% 24
\BOOKMARK [1][-]{section.4.4}{\376\377\000C\000o\000u\000p\000l\000e\000d\000\040\000b\000u\000r\000g\000e\000r\000'\000s\000-\000l\000i\000k\000e\000\040\000e\000q\000u\000a\000t\000i\000o\000n\000s}{chapter.4}% 25
\BOOKMARK [0][-]{chapter.5}{\376\377\000t\000r\000i\000f\000l\000o\000w}{}% 26
\BOOKMARK [1][-]{section.5.1}{\376\377\000t\000r\000i\000f\000l\000o\000w\000\040\000p\000a\000c\000k\000a\000g\000e}{chapter.5}% 27
\BOOKMARK [2][-]{subsection.5.1.1}{\376\377\000S\000u\000b\000p\000a\000c\000k\000a\000g\000e\000s}{section.5.1}% 28
\BOOKMARK [3][-]{subsubsection.5.1.1.1}{\376\377\000t\000r\000i\000f\000l\000o\000w\000.\000c\000o\000r\000e\000\040\000p\000a\000c\000k\000a\000g\000e}{subsection.5.1.1}% 29
\BOOKMARK [3][-]{subsubsection.5.1.1.2}{\376\377\000t\000r\000i\000f\000l\000o\000w\000.\000p\000l\000u\000g\000i\000n\000s\000\040\000p\000a\000c\000k\000a\000g\000e}{subsection.5.1.1}% 30
\BOOKMARK [2][-]{subsection.5.1.2}{\376\377\000M\000o\000d\000u\000l\000e\000\040\000c\000o\000n\000t\000e\000n\000t\000s}{section.5.1}% 31
\BOOKMARK [0][-]{chapter.6}{\376\377\000I\000n\000d\000i\000c\000e\000s\000\040\000a\000n\000d\000\040\000t\000a\000b\000l\000e\000s}{}% 32
\BOOKMARK [0][-]{section*.80}{\376\377\000P\000y\000t\000h\000o\000n\000\040\000M\000o\000d\000u\000l\000e\000\040\000I\000n\000d\000e\000x}{}% 33
\BOOKMARK [0][-]{section*.81}{\376\377\000I\000n\000d\000e\000x}{}% 34
